0 info it worked if it ends with ok
1 verbose cli [ 'C:\\Program Files (x86)\\nodejs\\\\node.exe',
1 verbose cli   'C:\\Program Files (x86)\\nodejs\\node_modules\\npm\\bin\\npm-cli.js',
1 verbose cli   'remove',
1 verbose cli   'pygments' ]
2 info using npm@1.2.0
3 info using node@v0.8.17
4 verbose node symlink C:\Program Files (x86)\nodejs\\node.exe
5 info C:\Users\mwhittemore\Desktop\mine\gist-pages\node_modules\pygments unbuild
6 verbose read json C:\Users\mwhittemore\Desktop\mine\gist-pages\node_modules\pygments\package.json
7 info preuninstall pygments@0.2.0
8 info uninstall pygments@0.2.0
9 verbose true,C:\Users\mwhittemore\Desktop\mine\gist-pages\node_modules,C:\Users\mwhittemore\Desktop\mine\gist-pages\node_modules unbuild pygments@0.2.0
10 info postuninstall pygments@0.2.0
11 error Error: EBUSY, unlink 'C:\Users\mwhittemore\Desktop\mine\gist-pages\node_modules\pygments'
12 error If you need help, you may report this log at:
12 error     <http://github.com/isaacs/npm/issues>
12 error or email it to:
12 error     <npm-@googlegroups.com>
13 error System Windows_NT 6.1.7601
14 error command "C:\\Program Files (x86)\\nodejs\\\\node.exe" "C:\\Program Files (x86)\\nodejs\\node_modules\\npm\\bin\\npm-cli.js" "remove" "pygments"
15 error cwd C:\Users\mwhittemore\Desktop\mine\gist-pages
16 error node -v v0.8.17
17 error npm -v 1.2.0
18 error path C:\Users\mwhittemore\Desktop\mine\gist-pages\node_modules\pygments
19 error code EBUSY
20 error errno 10
21 verbose exit [ 10, true ]
